Arguments: 
  /usr/local/bin/node /usr/local/Cellar/yarn/1.13.0/libexec/bin/yarn.js add nodemon –dev

PATH: 
  /usr/local/bin:/usr/bin:/bin:/usr/sbin:/sbin:/usr/local/mysql/bin:/usr/local/bin

Yarn version: 
  1.13.0

Node version: 
  8.12.0

Platform: 
  darwin x64

Trace: 
  Error: https://registry.yarnpkg.com/–dev: Not found
      at Request.params.callback [as _callback] (/usr/local/Cellar/yarn/1.13.0/libexec/lib/cli.js:66255:18)
      at Request.self.callback (/usr/local/Cellar/yarn/1.13.0/libexec/lib/cli.js:129397:22)
      at emitTwo (events.js:126:13)
      at Request.emit (events.js:214:7)
      at Request.<anonymous> (/usr/local/Cellar/yarn/1.13.0/libexec/lib/cli.js:130369:10)
      at emitOne (events.js:116:13)
      at Request.emit (events.js:211:7)
      at IncomingMessage.<anonymous> (/usr/local/Cellar/yarn/1.13.0/libexec/lib/cli.js:130291:12)
      at Object.onceWrapper (events.js:313:30)
      at emitNone (events.js:111:20)

npm manifest: 
  {
    "name": "nodejs",
    "version": "1.0.0",
    "description": "CMS API",
    "main": "index.js",
    "scripts": {
      "test": "echo \"Error: no test specified\" && exit 1"
    },
    "repository": {
      "type": "git",
      "url": "git+ssh://git@github.com/CodeCareerCoach/ReactStudioCMS.git"
    },
    "keywords": [
      "React",
      "CMS",
      "API"
    ],
    "author": "Mike Kerr - CodeCareerCoach",
    "license": "MIT",
    "bugs": {
      "url": "https://github.com/CodeCareerCoach/ReactStudioCMS/issues"
    },
    "homepage": "https://github.com/CodeCareerCoach/ReactStudioCMS#readme"
  }

yarn manifest: 
  No manifest

Lockfile: 
  No lockfile
